{"level":"error","message":"Error al obtener los mensajes: TypeError: Cannot read property 'status' of undefined","timestamp":"2023-05-31T21:51:18.091Z"}
{"level":"error","message":"Error al obtener los mensajes: TypeError: Cannot read property 'status' of undefined","timestamp":"2023-05-31T21:54:34.653Z"}
{"level":"error","message":"Error al obtener los mensajes: TypeError: Cannot read property 'status' of undefined","timestamp":"2023-05-31T21:55:43.914Z"}
{"level":"error","message":"Error al guardar el mensaje: TypeError: Cannot destructure property 'email' of 'req.body' as it is undefined.","timestamp":"2023-05-31T22:07:15.852Z"}
{"level":"error","message":"Error al guardar el mensaje: TypeError: Found non-callable @@iterator","timestamp":"2023-05-31T22:12:05.989Z"}
{"level":"error","message":"Error al guardar el mensaje: TypeError: Found non-callable @@iterator","timestamp":"2023-05-31T22:14:00.613Z"}
{"level":"error","message":"Error al guardar el mensaje: ReferenceError: Cannot access 'messageDTO' before initialization","timestamp":"2023-05-31T22:16:43.396Z"}
{"level":"error","message":"Error al guardar el mensaje: ReferenceError: Cannot access 'messageDTO' before initialization","timestamp":"2023-05-31T22:17:19.069Z"}
{"level":"error","message":"Error al guardar el mensaje: ReferenceError: res is not defined","timestamp":"2023-05-31T22:18:06.956Z"}
{"level":"error","message":"Error al obtener los mensajes: TypeError: next is not a function","timestamp":"2023-06-05T00:07:35.609Z"}
{"level":"error","message":"Error al obtener los mensajes: TypeError: next is not a function","timestamp":"2023-06-05T00:20:16.200Z"}
{"level":"error","message":"Error al obtener los mensajes: TypeError: next is not a function","timestamp":"2023-06-05T00:20:27.861Z"}
{"level":"error","message":"Error al obtener los mensajes: TypeError: next is not a function","timestamp":"2023-06-05T00:22:21.290Z"}
{"level":"error","message":"Error al obtener los mensajes: TypeError: next is not a function","timestamp":"2023-06-05T00:22:56.680Z"}
{"level":"error","message":"Error al obtener los mensajes: TypeError: next is not a function","timestamp":"2023-06-05T00:23:19.365Z"}
{"level":"error","message":"Error al obtener los mensajes: TypeError: next is not a function","timestamp":"2023-06-05T00:24:04.164Z"}
{"level":"error","message":"Error al obtener los mensajes: TypeError: next is not a function","timestamp":"2023-06-05T00:28:48.753Z"}
{"level":"error","message":"Error al obtener los mensajes: TypeError: next is not a function","timestamp":"2023-06-05T00:29:36.249Z"}
{"level":"error","message":"Error al obtener los mensajes: TypeError: next is not a function","timestamp":"2023-06-05T00:30:24.622Z"}
{"level":"error","message":"Error al obtener los mensajes: TypeError: next is not a function","timestamp":"2023-06-05T00:30:49.502Z"}
{"level":"error","message":"Error al obtener los mensajes: TypeError: next is not a function","timestamp":"2023-06-05T00:31:47.897Z"}
