{"level":"warn","message":"Usuario no autenticado","timestamp":"2023-05-26T16:47:12.001Z"}
{"level":"warn","message":"El usuario no ha podido ser logueado: MongooseError: Operation `usuarios.find()` buffering timed out after 10000ms","timestamp":"2023-05-26T16:50:38.384Z"}
{"level":"warn","message":"El usuario no ha podido ser logueado: MongooseError: Operation `usuarios.find()` buffering timed out after 10000ms","timestamp":"2023-05-26T16:51:45.745Z"}
{"level":"warn","message":"Usuario no autenticado","timestamp":"2023-05-26T16:52:48.524Z"}
{"level":"warn","message":"Usuario no autenticado","timestamp":"2023-05-26T16:54:12.379Z"}
{"level":"warn","message":"El usuario no ha podido ser logueado: MongooseError: Operation `usuarios.find()` buffering timed out after 10000ms","timestamp":"2023-05-26T16:58:20.738Z"}
{"level":"error","message":"Error al obtener los mensajes: TypeError: Cannot read property 'status' of undefined","timestamp":"2023-05-31T21:51:18.091Z"}
{"level":"error","message":"Error al obtener los mensajes: TypeError: Cannot read property 'status' of undefined","timestamp":"2023-05-31T21:54:34.653Z"}
{"level":"error","message":"Error al obtener los mensajes: TypeError: Cannot read property 'status' of undefined","timestamp":"2023-05-31T21:55:43.914Z"}
{"level":"warn","message":"Usuario no autenticado","timestamp":"2023-05-31T21:59:18.198Z"}
{"level":"warn","message":"Usuario no autenticado","timestamp":"2023-05-31T22:01:06.255Z"}
{"level":"warn","message":"Usuario no autenticado","timestamp":"2023-05-31T22:02:28.206Z"}
{"level":"error","message":"Error al guardar el mensaje: TypeError: Cannot destructure property 'email' of 'req.body' as it is undefined.","timestamp":"2023-05-31T22:07:15.852Z"}
{"level":"error","message":"Error al guardar el mensaje: TypeError: Found non-callable @@iterator","timestamp":"2023-05-31T22:12:05.989Z"}
{"level":"warn","message":"Usuario no autenticado","timestamp":"2023-05-31T22:13:41.635Z"}
{"level":"error","message":"Error al guardar el mensaje: TypeError: Found non-callable @@iterator","timestamp":"2023-05-31T22:14:00.613Z"}
{"level":"error","message":"Error al guardar el mensaje: ReferenceError: Cannot access 'messageDTO' before initialization","timestamp":"2023-05-31T22:16:43.396Z"}
{"level":"error","message":"Error al guardar el mensaje: ReferenceError: Cannot access 'messageDTO' before initialization","timestamp":"2023-05-31T22:17:19.069Z"}
{"level":"error","message":"Error al guardar el mensaje: ReferenceError: res is not defined","timestamp":"2023-05-31T22:18:06.956Z"}
{"level":"warn","message":"El usuario no ha podido ser registrado: Error [ERR_HTTP_HEADERS_SENT]: Cannot set headers after they are sent to the client","timestamp":"2023-06-01T21:25:30.752Z"}
{"level":"warn","message":"El usuario no ha podido ser registrado: ReferenceError: ordenes is not defined","timestamp":"2023-06-01T21:26:09.728Z"}
{"level":"warn","message":"El usuario no ha podido ser registrado: ReferenceError: sendEmail is not defined","timestamp":"2023-06-01T21:28:42.791Z"}
{"level":"warn","message":"La vista de configuración no ha podido ser renderizada: ReferenceError: PORT is not defined","timestamp":"2023-06-04T23:18:15.701Z"}
{"level":"error","message":"Error al obtener los mensajes: TypeError: next is not a function","timestamp":"2023-06-05T00:07:35.609Z"}
{"level":"error","message":"Error al obtener los mensajes: TypeError: next is not a function","timestamp":"2023-06-05T00:20:16.200Z"}
{"level":"error","message":"Error al obtener los mensajes: TypeError: next is not a function","timestamp":"2023-06-05T00:20:27.861Z"}
{"level":"warn","message":"La vista de chat no ha podido ser renderizada: Error: Module \"handlebars\" does not provide a view engine.","timestamp":"2023-06-05T00:20:32.035Z"}
{"level":"error","message":"Error al obtener los mensajes: TypeError: next is not a function","timestamp":"2023-06-05T00:22:21.290Z"}
{"level":"error","message":"Error al obtener los mensajes: TypeError: next is not a function","timestamp":"2023-06-05T00:22:56.680Z"}
{"level":"error","message":"Error al obtener los mensajes: TypeError: next is not a function","timestamp":"2023-06-05T00:23:19.365Z"}
{"level":"error","message":"Error al obtener los mensajes: TypeError: next is not a function","timestamp":"2023-06-05T00:24:04.164Z"}
{"level":"error","message":"Error al obtener los mensajes: TypeError: next is not a function","timestamp":"2023-06-05T00:28:48.753Z"}
{"level":"error","message":"Error al obtener los mensajes: TypeError: next is not a function","timestamp":"2023-06-05T00:29:36.249Z"}
{"level":"error","message":"Error al obtener los mensajes: TypeError: next is not a function","timestamp":"2023-06-05T00:30:24.622Z"}
{"level":"error","message":"Error al obtener los mensajes: TypeError: next is not a function","timestamp":"2023-06-05T00:30:49.502Z"}
{"level":"error","message":"Error al obtener los mensajes: TypeError: next is not a function","timestamp":"2023-06-05T00:31:47.897Z"}
